<?xml version="1.0" encoding="UTF-8"?>
<testsuite xmlns:xsi="http://www.w3.org/2001/XMLSchema-instance" xsi:noNamespaceSchemaLocation="https://maven.apache.org/surefire/maven-surefire-plugin/xsd/surefire-test-report.xsd" version="3.0.2" name="semana09.semana09.Semana09ApplicationTests" time="2.503" tests="1" errors="0" skipped="0" failures="0">
  <properties>
[...]
</properties>
  <testcase name="contextLoads" classname="semana09.semana09.Semana09ApplicationTests" time="0.798">
    <system-out><![CDATA[15:29:52.310 [main] INFO org.springframework.test.context.support.AnnotationConfigContextLoaderUtils -- Could not detect default configuration classes for test class [semana09.semana09.Semana09ApplicationTests]: Semana09ApplicationTests does not declare any static, non-private, non-final, nested classes annotated with @Configuration.
15:29:52.411 [main] INFO org.springframework.boot.test.context.SpringBootTestContextBootstrapper -- Found @SpringBootConfiguration semana09.semana09.Semana09Application for test class semana09.semana09.Semana09ApplicationTests

  .   ____          _            __ _ _
 /\\ / ___'_ __ _ _(_)_ __  __ _ \ \ \ \
( ( )\___ | '_ | '_| | '_ \/ _` | \ \ \ \
 \\/  ___)| |_)| | | | | || (_| |  ) ) ) )
  '  |____| .__|_| |_|_| |_\__, | / / / /
 =========|_|==============|___/=/_/_/_/

 :: Spring Boot ::                (v3.4.0)

2024-11-29T15:29:52.805-05:00  INFO 12968 --- [semana09] [           main] s.semana09.Semana09ApplicationTests      : Starting Semana09ApplicationTests using Java 20.0.1 with PID 12968 (started by User in C:\Users\User\Downloads\semana09)
2024-11-29T15:29:52.806-05:00  INFO 12968 --- [semana09] [           main] s.semana09.Semana09ApplicationTests      : No active profile set, falling back to 1 default profile: "default"
2024-11-29T15:29:53.835-05:00  INFO 12968 --- [semana09] [           main] s.semana09.Semana09ApplicationTests      : Started Semana09ApplicationTests in 1.284 seconds (process running for 2.17)
]]></system-out>
  </testcase>
</testsuite>